Command line:
   procesadorMonociclo_1_tb_isim_beh.exe
     -simmode  gui
     -simrunnum  0
     -socket  3259

Thu Apr 14 18:39:18 2016


 Elaboration Time: 0.046875 sec

 Current Memory Usage: 361.701 Meg

 Total Signals          : 45
 Total Nets             : 3624
 Total Signal Drivers   : 12
 Total Blocks           : 13
 Total Primitive Blocks : 11
 Total Processes        : 10
 Total Traceable Variables  : 11
 Total Scalar Nets and Variables : 4003
Total Line Count : 54

 Total Simulation Time: 0.15625 sec

 Current Memory Usage: 676.291 Meg

Thu Apr 14 18:40:39 2016

