Running: /home/mauricio/Escritorio/universidad/semestre_VI/Lab_Electronica_Digital/14.7/ISE_DS/ISE/bin/lin64/unwrapped/fuse -intstyle ise -incremental -o /home/mauricio/Escritorio/procesador2.0/procesador2/procesador2_tb_isim_beh.exe -prj /home/mauricio/Escritorio/procesador2.0/procesador2/procesador2_tb_beh.prj work.procesador2_tb 
ISim P.20131013 (signature 0xfbc00daa)
Number of CPUs detected in this system: 4
Turning on mult-threading, number of parallel sub-compilation jobs: 8 
Determining compilation order of HDL files
Parsing VHDL file "/home/mauricio/Escritorio/procesador2.0/procesador2/SignExtensionUnit.vhd" into library work
Parsing VHDL file "/home/mauricio/Escritorio/procesador2.0/procesador2/RegisterFile.vhd" into library work
Parsing VHDL file "/home/mauricio/Escritorio/procesador2.0/procesador2/ProgramCounter.vhd" into library work
Parsing VHDL file "/home/mauricio/Escritorio/procesador2.0/procesador2/Mux.vhd" into library work
Parsing VHDL file "/home/mauricio/Escritorio/procesador2.0/procesador2/InstructionMemory.vhd" into library work
Parsing VHDL file "/home/mauricio/Escritorio/procesador2.0/procesador2/ControlUnity.vhd" into library work
Parsing VHDL file "/home/mauricio/Escritorio/procesador2.0/procesador2/Alu.vhd" into library work
Parsing VHDL file "/home/mauricio/Escritorio/procesador2.0/procesador2/Adder.vhd" into library work
Parsing VHDL file "/home/mauricio/Escritorio/procesador2.0/procesador2/procesador2.vhd" into library work
Parsing VHDL file "/home/mauricio/Escritorio/procesador2.0/procesador2/procesador2_tb.vhd" into library work
Starting static elaboration
Completed static elaboration
Fuse Memory Usage: 97132 KB
Fuse CPU Usage: 1240 ms
Compiling package standard
Compiling package std_logic_1164
Compiling package std_logic_arith
Compiling package std_logic_unsigned
Compiling package textio
Compiling architecture behavioral of entity ProgramCounter [programcounter_default]
Compiling architecture behavioral of entity Adder [adder_default]
Compiling architecture behavioral of entity InstructionMemory [instructionmemory_default]
Compiling architecture behavioral of entity RegisterFile [registerfile_default]
Compiling architecture behavioral of entity ControlUnity [controlunity_default]
Compiling architecture behavioral of entity SignExtensionUnit [signextensionunit_default]
Compiling architecture behavioral of entity Mux [mux_default]
Compiling architecture behavioral of entity Alu [alu_default]
Compiling architecture behavioral of entity procesador2 [procesador2_default]
Compiling architecture behavior of entity procesador2_tb
Time Resolution for simulation is 1ps.
Waiting for 7 sub-compilation(s) to finish...
Compiled 24 VHDL Units
Built simulation executable /home/mauricio/Escritorio/procesador2.0/procesador2/procesador2_tb_isim_beh.exe
Fuse Memory Usage: 671484 KB
Fuse CPU Usage: 1370 ms
GCC CPU Usage: 2960 ms
