Command line:
   tb_RegisterFile_isim_beh.exe
     -simmode  gui
     -simrunnum  0
     -socket  17873

Wed Apr 13 15:30:02 2016


 Elaboration Time: 0.0625 sec

 Current Memory Usage: 361.566 Meg

 Total Signals          : 15
 Total Nets             : 1392
 Total Signal Drivers   : 6
 Total Blocks           : 5
 Total Primitive Blocks : 4
 Total Processes        : 2
 Total Traceable Variables  : 10
 Total Scalar Nets and Variables : 1770
Total Line Count : 20

 Total Simulation Time: 0.203125 sec

 Current Memory Usage: 361.566 Meg

Wed Apr 13 15:45:38 2016

